<?xml version="1.0" encoding="UTF-8"?>
<!-- Generated by org.testng.reporters.JUnitReportReporter -->
<testsuite hostname="LP-5CG1225D68" failures="0" tests="2" name="FirstTest" time="0.015" errors="0" timestamp="2021-07-14T20:48:02 IST" skipped="0">
  <testcase classname="FirstTest" name="sub1Test" time="0.002"/>
  <system-out/>
  <testcase classname="FirstTest" name="add1Test" time="0.013"/>
  <system-out/>
</testsuite> <!-- FirstTest -->
