<?xml version="1.0" encoding="UTF-8"?>
<!-- Generated by org.testng.reporters.JUnitReportReporter -->
<testsuite hostname="LP-5CG1225D68" failures="0" tests="2" name="SecondTest" time="0.015" errors="0" timestamp="2021-07-14T20:48:02 IST" skipped="0">
  <testcase classname="SecondTest" name="divTest" time="0.013"/>
  <system-out/>
  <testcase classname="SecondTest" name="mulTest" time="0.002"/>
  <system-out/>
</testsuite> <!-- SecondTest -->
