<?xml version="1.0" encoding="UTF-8"?>
<!-- Generated by org.testng.reporters.JUnitReportReporter -->
<testsuite hostname="LP-5CG1225D68" failures="0" tests="2" name="CalculatorTestParallel" time="0.014" errors="0" timestamp="2021-07-13T21:13:03 IST" skipped="0">
  <testcase classname="CalculatorTestParallel" name="fourth" time="0.012"/>
  <system-out/>
  <testcase classname="CalculatorTestParallel" name="second" time="0.002"/>
  <system-out/>
</testsuite> <!-- CalculatorTestParallel -->
