<?xml version="1.0" encoding="UTF-8"?>
<!-- Generated by org.testng.reporters.JUnitReportReporter -->
<testsuite hostname="LP-5CG1225D68" failures="0" tests="2" name="CalculatorTest" time="0.012" errors="0" timestamp="2021-07-13T20:44:56 IST" skipped="0">
  <testcase classname="CalculatorTest" name="add1Test" time="0.002"/>
  <system-out/>
  <testcase classname="CalculatorTest" name="sub1Test" time="0.010"/>
  <system-out/>
</testsuite> <!-- CalculatorTest -->
