<?xml version="1.0" encoding="UTF-8"?>
<!-- Generated by org.testng.reporters.JUnitReportReporter -->
<testsuite hostname="LP-5CG1225D68" failures="0" tests="2" name="SampleGroups" time="0.009" errors="0" timestamp="2021-07-14T10:32:58 IST" skipped="0">
  <testcase classname="SampleGroups" name="fourth" time="0.008"/>
  <system-out>
    <![CDATA[All even methods are executed]]>
  </system-out>
  <testcase classname="SampleGroups" name="second" time="0.001"/>
  <system-out/>
</testsuite> <!-- SampleGroups -->
